Arguments: 
  D:\nodedata\node.exe C:\Users\15071\AppData\Roaming\npm\node_modules\yarn\bin\yarn.js

PATH: 
  C:\Program Files (x86)\Common Files\Oracle\Java\javapath;C:\WINDOWS\system32;C:\WINDOWS;C:\WINDOWS\System32\Wbem;C:\WINDOWS\System32\WindowsPowerShell\v1.0\;C:\WINDOWS\System32\OpenSSH\;D:\Bandizip\;C:\Program Files\TortoiseGit\bin;D:\apache-maven-3.6.1\bin;C:\Program Files\Java\jdk1.8.0_172\bin;D:\mysql-5.7.24-winx64\bin;D:\Git\cmd;D:\微信web开发者工具\dll;D:\nodedata\;C:\Users\15071\AppData\Local\Microsoft\WindowsApps;D:\Microsoft VS Code\bin;;D:\IDEAC\IntelliJ IDEA Community Edition 2023.1.2\bin;;D:\IntelliJ IDEA 2022.2.3\bin;;C:\Users\15071\AppData\Roaming\npm

Yarn version: 
  1.22.19

Node version: 
  18.14.2

Platform: 
  win32 x64

Trace: 
  Error: ENOENT: no such file or directory, copyfile 'C:\Users\15071\AppData\Local\Yarn\Cache\v6\npm-mimic-fn-4.0.0-60a90550d5cb0b239cca65d893b1a53b29871ecc-integrity\node_modules\mimic-fn\index.d.ts' -> 'D:\BaiduNetdiskDownload\金渡教育第六期课程源码（持续更新）\git资料\monorepo-Vue3\packages\antd-umi\node_modules\lint-staged\node_modules\mimic-fn\index.d.ts'

npm manifest: 
  {
    "private": true,
    "author": "zengbotao <2898487084@qq.com>",
    "scripts": {
      "dev": "max dev",
      "build": "max build",
      "format": "prettier --cache --write .",
      "postinstall": "max setup",
      "setup": "max setup",
      "start": "npm run dev"
    },
    "dependencies": {
      "@ant-design/icons": "^5.0.1",
      "@ant-design/pro-components": "^2.4.4",
      "@umijs/max": "^4.1.5",
      "antd": "^5.4.0"
    },
    "devDependencies": {
      "@types/react": "^18.0.33",
      "@types/react-dom": "^18.0.11",
      "lint-staged": "^13.2.0",
      "prettier": "^2.8.7",
      "prettier-plugin-organize-imports": "^3.2.2",
      "prettier-plugin-packagejson": "^2.4.3",
      "typescript": "^5.0.3"
    }
  }

yarn manifest: 
  No manifest

Lockfile: 
  No lockfile
